BEGIN: Mon 03 Jun 2024 03:29:08 PM UTC
Netgen 1.5.254 compiled on Thu May 30 14:56:47 UTC 2024
Warning: netgen command 'format' use fully-qualified name '::netgen::format'
Warning: netgen command 'global' use fully-qualified name '::netgen::global'
Reading netlist file /home/edw3/Specere_ThermVeh/lvs/user_project_wrapper/lvs_results/2024-06-03-15-28-55/tmp/ext/user_project_wrapper.gds.nowell.spice
Call to undefined subcircuit sky130_fd_pr__nfet_g5v0d10v5
Creating placeholder cell definition.
Call to undefined subcircuit sky130_fd_pr__nfet_g5v0d10v5_R72FWE
Creating placeholder cell definition.
Cell: /home/edw3/Specere_ThermVeh/lvs/user_project_wrapper/lvs_results/2024-06-03-15-28-55/tmp/ext/user_project_wrapper.gds.nowell.spice exists already, and will be overwritten.
Call to undefined subcircuit sky130_fd_pr__nfet_01v8
Creating placeholder cell definition.
Call to undefined subcircuit sky130_fd_pr__nfet_01v8_J36GRF
Creating placeholder cell definition.
Cell: /home/edw3/Specere_ThermVeh/lvs/user_project_wrapper/lvs_results/2024-06-03-15-28-55/tmp/ext/user_project_wrapper.gds.nowell.spice exists already, and will be overwritten.
Call to undefined subcircuit sky130_fd_pr__nfet_03v3_nvt
Creating placeholder cell definition.
Call to undefined subcircuit VD_H
Creating placeholder cell definition.
Call to undefined subcircuit sky130_fd_pr__cap_mim_m3_2
Creating placeholder cell definition.
Call to undefined subcircuit sky130_fd_pr__pfet_g5v0d10v5
Creating placeholder cell definition.
Cell: /home/edw3/Specere_ThermVeh/lvs/user_project_wrapper/lvs_results/2024-06-03-15-28-55/tmp/ext/user_project_wrapper.gds.nowell.spice exists already, and will be overwritten.
Cell: /home/edw3/Specere_ThermVeh/lvs/user_project_wrapper/lvs_results/2024-06-03-15-28-55/tmp/ext/user_project_wrapper.gds.nowell.spice exists already, and will be overwritten.
Cell: /home/edw3/Specere_ThermVeh/lvs/user_project_wrapper/lvs_results/2024-06-03-15-28-55/tmp/ext/user_project_wrapper.gds.nowell.spice exists already, and will be overwritten.
Call to undefined subcircuit sky130_fd_pr__res_xhigh_po_0p69
Creating placeholder cell definition.
Cell: /home/edw3/Specere_ThermVeh/lvs/user_project_wrapper/lvs_results/2024-06-03-15-28-55/tmp/ext/user_project_wrapper.gds.nowell.spice exists already, and will be overwritten.
Call to undefined subcircuit sky130_fd_pr__res_generic_nd__hv
Creating placeholder cell definition.
Call to undefined subcircuit sky130_fd_pr__res_generic_pd__hv
Creating placeholder cell definition.
Cell: /home/edw3/Specere_ThermVeh/lvs/user_project_wrapper/lvs_results/2024-06-03-15-28-55/tmp/ext/user_project_wrapper.gds.nowell.spice exists already, and will be overwritten.
Cell: /home/edw3/Specere_ThermVeh/lvs/user_project_wrapper/lvs_results/2024-06-03-15-28-55/tmp/ext/user_project_wrapper.gds.nowell.spice exists already, and will be overwritten.
Cell: /home/edw3/Specere_ThermVeh/lvs/user_project_wrapper/lvs_results/2024-06-03-15-28-55/tmp/ext/user_project_wrapper.gds.nowell.spice exists already, and will be overwritten.
Call to undefined subcircuit sky130_fd_pr__cap_mim_m3_1
Creating placeholder cell definition.
Cell: /home/edw3/Specere_ThermVeh/lvs/user_project_wrapper/lvs_results/2024-06-03-15-28-55/tmp/ext/user_project_wrapper.gds.nowell.spice exists already, and will be overwritten.
Cell: /home/edw3/Specere_ThermVeh/lvs/user_project_wrapper/lvs_results/2024-06-03-15-28-55/tmp/ext/user_project_wrapper.gds.nowell.spice exists already, and will be overwritten.
Call to undefined subcircuit sky130_fd_pr__pfet_g5v0d10v5_ZEUEFZ
Creating placeholder cell definition.
Call to undefined subcircuit sky130_fd_pr__nfet_g5v0d10v5_TGFUGS
Creating placeholder cell definition.
Call to undefined subcircuit sky130_fd_pr__res_xhigh_po_0p69_S5N9F3
Creating placeholder cell definition.
Call to undefined subcircuit sky130_fd_pr__pfet_g5v0d10v5_3YBPVB
Creating placeholder cell definition.
Call to undefined subcircuit m1_2993_7658#
Creating placeholder cell definition.
Call to undefined subcircuit m1_2756_6573#
Creating placeholder cell definition.
Call to undefined subcircuit m1_185_6573#
Creating placeholder cell definition.
Call to undefined subcircuit sky130_fd_pr__pfet_g5v0d10v5_YUHPXE
Creating placeholder cell definition.
Call to undefined subcircuit sky130_fd_pr__nfet_g5v0d10v5_PKVMTM
Creating placeholder cell definition.
Call to undefined subcircuit sky130_fd_pr__nfet_g5v0d10v5_ZK8HQC
Creating placeholder cell definition.
Call to undefined subcircuit sky130_fd_pr__pfet_g5v0d10v5_YEUEBV
Creating placeholder cell definition.
Call to undefined subcircuit sky130_fd_pr__pfet_g5v0d10v5_YUHPBG
Creating placeholder cell definition.
Cell: /home/edw3/Specere_ThermVeh/lvs/user_project_wrapper/lvs_results/2024-06-03-15-28-55/tmp/ext/user_project_wrapper.gds.nowell.spice exists already, and will be overwritten.
Call to undefined subcircuit sky130_fd_pr__pfet_g5v0d10v5_WLCVX2
Creating placeholder cell definition.
Cell: /home/edw3/Specere_ThermVeh/lvs/user_project_wrapper/lvs_results/2024-06-03-15-28-55/tmp/ext/user_project_wrapper.gds.nowell.spice exists already, and will be overwritten.
Call to undefined subcircuit sky130_fd_pr__nfet_03v3_nvt_J2JJF2
Creating placeholder cell definition.
Cell: /home/edw3/Specere_ThermVeh/lvs/user_project_wrapper/lvs_results/2024-06-03-15-28-55/tmp/ext/user_project_wrapper.gds.nowell.spice exists already, and will be overwritten.
Call to undefined subcircuit sky130_fd_pr__nfet_03v3_nvt_EJ4KLV
Creating placeholder cell definition.
Cell: /home/edw3/Specere_ThermVeh/lvs/user_project_wrapper/lvs_results/2024-06-03-15-28-55/tmp/ext/user_project_wrapper.gds.nowell.spice exists already, and will be overwritten.
Call to undefined subcircuit sky130_fd_pr__nfet_03v3_nvt_VB5P9F
Creating placeholder cell definition.
Cell: /home/edw3/Specere_ThermVeh/lvs/user_project_wrapper/lvs_results/2024-06-03-15-28-55/tmp/ext/user_project_wrapper.gds.nowell.spice exists already, and will be overwritten.
Call to undefined subcircuit sky130_fd_pr__pfet_01v8
Creating placeholder cell definition.
Call to undefined subcircuit sky130_fd_pr__pfet_01v8_8JS3FC
Creating placeholder cell definition.
Reading netlist file /home/edw3/Specere_ThermVeh/lvs/user_project_wrapper/lvs_results/2024-06-03-15-28-55/tmp/nowell.ext/user_project_wrapper.gds.nowell.spice
Call to undefined subcircuit sky130_fd_pr__nfet_g5v0d10v5
Creating placeholder cell definition.
Call to undefined subcircuit sky130_fd_pr__nfet_01v8
Creating placeholder cell definition.
Call to undefined subcircuit sky130_fd_pr__nfet_03v3_nvt
Creating placeholder cell definition.
Call to undefined subcircuit sky130_fd_pr__pfet_g5v0d10v5
Creating placeholder cell definition.
Call to undefined subcircuit sky130_fd_pr__cap_mim_m3_2
Creating placeholder cell definition.
Call to undefined subcircuit sky130_fd_pr__res_xhigh_po_0p69
Creating placeholder cell definition.
Call to undefined subcircuit sky130_fd_pr__res_generic_nd__hv
Creating placeholder cell definition.
Call to undefined subcircuit sky130_fd_pr__res_generic_pd__hv
Creating placeholder cell definition.
Call to undefined subcircuit sky130_fd_pr__cap_mim_m3_1
Creating placeholder cell definition.
Call to undefined subcircuit sky130_fd_pr__pfet_01v8
Creating placeholder cell definition.

Reading setup file /home/edw3/pdk/sky130A/libs.tech/netgen/sky130A_setup.tcl

Model sky130_fd_pr__res_xhigh_po_0p69 pin 1 == 2
No property w found for device sky130_fd_pr__res_xhigh_po_0p69
No property w found for device sky130_fd_pr__res_xhigh_po_0p69
No property value found for device sky130_fd_pr__res_xhigh_po_0p69
No property w found for device sky130_fd_pr__res_xhigh_po_0p69
No property mult found for device sky130_fd_pr__res_xhigh_po_0p69
Model sky130_fd_pr__res_xhigh_po_0p69 pin 1 == 2
No property w found for device sky130_fd_pr__res_xhigh_po_0p69
No property w found for device sky130_fd_pr__res_xhigh_po_0p69
No property value found for device sky130_fd_pr__res_xhigh_po_0p69
No property w found for device sky130_fd_pr__res_xhigh_po_0p69
No property mult found for device sky130_fd_pr__res_xhigh_po_0p69
Model sky130_fd_pr__res_generic_nd__hv pin 1 == 2
No property value found for device sky130_fd_pr__res_generic_nd__hv
No property mult found for device sky130_fd_pr__res_generic_nd__hv
Model sky130_fd_pr__res_generic_nd__hv pin 1 == 2
No property value found for device sky130_fd_pr__res_generic_nd__hv
No property mult found for device sky130_fd_pr__res_generic_nd__hv
Model sky130_fd_pr__res_generic_pd__hv pin 1 == 2
No property value found for device sky130_fd_pr__res_generic_pd__hv
No property mult found for device sky130_fd_pr__res_generic_pd__hv
Model sky130_fd_pr__res_generic_pd__hv pin 1 == 2
No property value found for device sky130_fd_pr__res_generic_pd__hv
No property mult found for device sky130_fd_pr__res_generic_pd__hv
Model sky130_fd_pr__res_generic_m3 pin end_a == end_b
No property mult found for device sky130_fd_pr__res_generic_m3
Model sky130_fd_pr__res_generic_m3 pin end_a == end_b
No property mult found for device sky130_fd_pr__res_generic_m3
Model sky130_fd_pr__nfet_01v8 pin 1 == 3
No property mult found for device sky130_fd_pr__nfet_01v8
No property sa found for device sky130_fd_pr__nfet_01v8
No property sb found for device sky130_fd_pr__nfet_01v8
No property sd found for device sky130_fd_pr__nfet_01v8
No property nf found for device sky130_fd_pr__nfet_01v8
No property nrd found for device sky130_fd_pr__nfet_01v8
No property nrs found for device sky130_fd_pr__nfet_01v8
No property area found for device sky130_fd_pr__nfet_01v8
No property perim found for device sky130_fd_pr__nfet_01v8
No property topography found for device sky130_fd_pr__nfet_01v8
Model sky130_fd_pr__nfet_01v8 pin 1 == 3
No property mult found for device sky130_fd_pr__nfet_01v8
No property sa found for device sky130_fd_pr__nfet_01v8
No property sb found for device sky130_fd_pr__nfet_01v8
No property sd found for device sky130_fd_pr__nfet_01v8
No property nf found for device sky130_fd_pr__nfet_01v8
No property nrd found for device sky130_fd_pr__nfet_01v8
No property nrs found for device sky130_fd_pr__nfet_01v8
No property area found for device sky130_fd_pr__nfet_01v8
No property perim found for device sky130_fd_pr__nfet_01v8
No property topography found for device sky130_fd_pr__nfet_01v8
Model sky130_fd_pr__nfet_g5v0d10v5 pin 1 == 3
No property mult found for device sky130_fd_pr__nfet_g5v0d10v5
No property sa found for device sky130_fd_pr__nfet_g5v0d10v5
No property sb found for device sky130_fd_pr__nfet_g5v0d10v5
No property sd found for device sky130_fd_pr__nfet_g5v0d10v5
No property nf found for device sky130_fd_pr__nfet_g5v0d10v5
No property nrd found for device sky130_fd_pr__nfet_g5v0d10v5
No property nrs found for device sky130_fd_pr__nfet_g5v0d10v5
No property area found for device sky130_fd_pr__nfet_g5v0d10v5
No property perim found for device sky130_fd_pr__nfet_g5v0d10v5
No property topography found for device sky130_fd_pr__nfet_g5v0d10v5
Model sky130_fd_pr__nfet_g5v0d10v5 pin 1 == 3
No property mult found for device sky130_fd_pr__nfet_g5v0d10v5
No property sa found for device sky130_fd_pr__nfet_g5v0d10v5
No property sb found for device sky130_fd_pr__nfet_g5v0d10v5
No property sd found for device sky130_fd_pr__nfet_g5v0d10v5
No property nf found for device sky130_fd_pr__nfet_g5v0d10v5
No property nrd found for device sky130_fd_pr__nfet_g5v0d10v5
No property nrs found for device sky130_fd_pr__nfet_g5v0d10v5
No property area found for device sky130_fd_pr__nfet_g5v0d10v5
No property perim found for device sky130_fd_pr__nfet_g5v0d10v5
No property topography found for device sky130_fd_pr__nfet_g5v0d10v5
Model sky130_fd_pr__nfet_03v3_nvt pin 1 == 3
No property mult found for device sky130_fd_pr__nfet_03v3_nvt
No property sa found for device sky130_fd_pr__nfet_03v3_nvt
No property sb found for device sky130_fd_pr__nfet_03v3_nvt
No property sd found for device sky130_fd_pr__nfet_03v3_nvt
No property nf found for device sky130_fd_pr__nfet_03v3_nvt
No property nrd found for device sky130_fd_pr__nfet_03v3_nvt
No property nrs found for device sky130_fd_pr__nfet_03v3_nvt
No property area found for device sky130_fd_pr__nfet_03v3_nvt
No property perim found for device sky130_fd_pr__nfet_03v3_nvt
No property topography found for device sky130_fd_pr__nfet_03v3_nvt
Model sky130_fd_pr__nfet_03v3_nvt pin 1 == 3
No property mult found for device sky130_fd_pr__nfet_03v3_nvt
No property sa found for device sky130_fd_pr__nfet_03v3_nvt
No property sb found for device sky130_fd_pr__nfet_03v3_nvt
No property sd found for device sky130_fd_pr__nfet_03v3_nvt
No property nf found for device sky130_fd_pr__nfet_03v3_nvt
No property nrd found for device sky130_fd_pr__nfet_03v3_nvt
No property nrs found for device sky130_fd_pr__nfet_03v3_nvt
No property area found for device sky130_fd_pr__nfet_03v3_nvt
No property perim found for device sky130_fd_pr__nfet_03v3_nvt
No property topography found for device sky130_fd_pr__nfet_03v3_nvt
Model sky130_fd_pr__pfet_01v8 pin 1 == 3
No property mult found for device sky130_fd_pr__pfet_01v8
No property sa found for device sky130_fd_pr__pfet_01v8
No property sb found for device sky130_fd_pr__pfet_01v8
No property sd found for device sky130_fd_pr__pfet_01v8
No property nf found for device sky130_fd_pr__pfet_01v8
No property nrd found for device sky130_fd_pr__pfet_01v8
No property nrs found for device sky130_fd_pr__pfet_01v8
No property area found for device sky130_fd_pr__pfet_01v8
No property perim found for device sky130_fd_pr__pfet_01v8
No property topography found for device sky130_fd_pr__pfet_01v8
Model sky130_fd_pr__pfet_01v8 pin 1 == 3
No property mult found for device sky130_fd_pr__pfet_01v8
No property sa found for device sky130_fd_pr__pfet_01v8
No property sb found for device sky130_fd_pr__pfet_01v8
No property sd found for device sky130_fd_pr__pfet_01v8
No property nf found for device sky130_fd_pr__pfet_01v8
No property nrd found for device sky130_fd_pr__pfet_01v8
No property nrs found for device sky130_fd_pr__pfet_01v8
No property area found for device sky130_fd_pr__pfet_01v8
No property perim found for device sky130_fd_pr__pfet_01v8
No property topography found for device sky130_fd_pr__pfet_01v8
Model sky130_fd_pr__pfet_g5v0d10v5 pin 1 == 3
No property mult found for device sky130_fd_pr__pfet_g5v0d10v5
No property sa found for device sky130_fd_pr__pfet_g5v0d10v5
No property sb found for device sky130_fd_pr__pfet_g5v0d10v5
No property sd found for device sky130_fd_pr__pfet_g5v0d10v5
No property nf found for device sky130_fd_pr__pfet_g5v0d10v5
No property nrd found for device sky130_fd_pr__pfet_g5v0d10v5
No property nrs found for device sky130_fd_pr__pfet_g5v0d10v5
No property area found for device sky130_fd_pr__pfet_g5v0d10v5
No property perim found for device sky130_fd_pr__pfet_g5v0d10v5
No property topography found for device sky130_fd_pr__pfet_g5v0d10v5
Model sky130_fd_pr__pfet_g5v0d10v5 pin 1 == 3
No property mult found for device sky130_fd_pr__pfet_g5v0d10v5
No property sa found for device sky130_fd_pr__pfet_g5v0d10v5
No property sb found for device sky130_fd_pr__pfet_g5v0d10v5
No property sd found for device sky130_fd_pr__pfet_g5v0d10v5
No property nf found for device sky130_fd_pr__pfet_g5v0d10v5
No property nrd found for device sky130_fd_pr__pfet_g5v0d10v5
No property nrs found for device sky130_fd_pr__pfet_g5v0d10v5
No property area found for device sky130_fd_pr__pfet_g5v0d10v5
No property perim found for device sky130_fd_pr__pfet_g5v0d10v5
No property topography found for device sky130_fd_pr__pfet_g5v0d10v5
No property area found for device sky130_fd_pr__cap_mim_m3_1
No property value found for device sky130_fd_pr__cap_mim_m3_1
No property mult found for device sky130_fd_pr__cap_mim_m3_1
No property perim found for device sky130_fd_pr__cap_mim_m3_1
No property mf found for device sky130_fd_pr__cap_mim_m3_1
No property area found for device sky130_fd_pr__cap_mim_m3_1
No property value found for device sky130_fd_pr__cap_mim_m3_1
No property mult found for device sky130_fd_pr__cap_mim_m3_1
No property perim found for device sky130_fd_pr__cap_mim_m3_1
No property mf found for device sky130_fd_pr__cap_mim_m3_1
No property area found for device sky130_fd_pr__cap_mim_m3_2
No property value found for device sky130_fd_pr__cap_mim_m3_2
No property mult found for device sky130_fd_pr__cap_mim_m3_2
No property perim found for device sky130_fd_pr__cap_mim_m3_2
No property mf found for device sky130_fd_pr__cap_mim_m3_2
No property area found for device sky130_fd_pr__cap_mim_m3_2
No property value found for device sky130_fd_pr__cap_mim_m3_2
No property mult found for device sky130_fd_pr__cap_mim_m3_2
No property perim found for device sky130_fd_pr__cap_mim_m3_2
No property mf found for device sky130_fd_pr__cap_mim_m3_2
Comparison output logged to file /home/edw3/Specere_ThermVeh/lvs/user_project_wrapper/lvs_results/2024-06-03-15-28-55/tmp/soft.report
Logging to file "/home/edw3/Specere_ThermVeh/lvs/user_project_wrapper/lvs_results/2024-06-03-15-28-55/tmp/soft.report" enabled
Circuit sky130_fd_pr__cap_mim_m3_2 contains no devices.
Circuit sky130_fd_pr__nfet_g5v0d10v5 contains no devices.
Circuit sky130_fd_pr__pfet_g5v0d10v5 contains no devices.
Circuit sky130_fd_pr__res_generic_nd__hv contains no devices.
Circuit sky130_fd_pr__res_generic_pd__hv contains no devices.
Circuit sky130_fd_pr__cap_mim_m3_1 contains no devices.
Circuit sky130_fd_pr__nfet_01v8 contains no devices.
Circuit sky130_fd_pr__res_xhigh_po_0p69 contains no devices.
Circuit sky130_fd_pr__nfet_g5v0d10v5_R72FWE contains no devices.
Circuit sky130_fd_pr__nfet_01v8_J36GRF contains no devices.

Contents of circuit 1:  Circuit: 'sky130_fd_pr__cap_mim_m3_2_W5U4AW'
Circuit sky130_fd_pr__cap_mim_m3_2_W5U4AW contains 1 device instances.
  Class: sky130_fd_pr__cap_mim_m3_2 instances:   1
Circuit contains 2 nets.
Contents of circuit 2:  Circuit: 'sky130_fd_pr__cap_mim_m3_2_W5U4AW'
Circuit sky130_fd_pr__cap_mim_m3_2_W5U4AW contains 1 device instances.
  Class: sky130_fd_pr__cap_mim_m3_2 instances:   1
Circuit contains 2 nets.

Circuit 1 contains 1 devices, Circuit 2 contains 1 devices.
Circuit 1 contains 2 nets,    Circuit 2 contains 2 nets.


Contents of circuit 1:  Circuit: 'sky130_fd_sc_hvl__buf_8'
Circuit sky130_fd_sc_hvl__buf_8 contains 4 device instances.
  Class: sky130_fd_pr__nfet_g5v0d10v5 instances:   2
  Class: sky130_fd_pr__pfet_g5v0d10v5 instances:   2
Circuit contains 5 nets.
Contents of circuit 2:  Circuit: 'sky130_fd_sc_hvl__buf_8'
Circuit sky130_fd_sc_hvl__buf_8 contains 4 device instances.
  Class: sky130_fd_pr__nfet_g5v0d10v5 instances:   2
  Class: sky130_fd_pr__pfet_g5v0d10v5 instances:   2
Circuit contains 5 nets.

Circuit 1 contains 4 devices, Circuit 2 contains 4 devices.
Circuit 1 contains 5 nets,    Circuit 2 contains 5 nets.

Circuit sky130_fd_pr__pfet_g5v0d10v5_ZEUEFZ contains no devices.
Circuit sky130_fd_pr__nfet_g5v0d10v5_TGFUGS contains no devices.
Circuit sky130_fd_pr__res_xhigh_po_0p69_S5N9F3 contains no devices.
Circuit sky130_fd_pr__pfet_g5v0d10v5_3YBPVB contains no devices.

Contents of circuit 1:  Circuit: 'sky130_fd_sc_hvl__schmittbuf_1'
Circuit sky130_fd_sc_hvl__schmittbuf_1 contains 10 device instances.
  Class: sky130_fd_pr__res_generic_pd__hv instances:   1
  Class: sky130_fd_pr__res_generic_nd__hv instances:   1
  Class: sky130_fd_pr__nfet_g5v0d10v5 instances:   4
  Class: sky130_fd_pr__pfet_g5v0d10v5 instances:   4
Circuit contains 9 nets.
Contents of circuit 2:  Circuit: 'sky130_fd_sc_hvl__schmittbuf_1'
Circuit sky130_fd_sc_hvl__schmittbuf_1 contains 10 device instances.
  Class: sky130_fd_pr__res_generic_pd__hv instances:   1
  Class: sky130_fd_pr__res_generic_nd__hv instances:   1
  Class: sky130_fd_pr__nfet_g5v0d10v5 instances:   4
  Class: sky130_fd_pr__pfet_g5v0d10v5 instances:   4
Circuit contains 9 nets.

Circuit 1 contains 10 devices, Circuit 2 contains 10 devices.
Circuit 1 contains 9 nets,    Circuit 2 contains 9 nets.

Circuit sky130_fd_pr__pfet_g5v0d10v5_YUHPXE contains no devices.
Circuit sky130_fd_pr__nfet_g5v0d10v5_PKVMTM contains no devices.
Circuit sky130_fd_pr__nfet_g5v0d10v5_ZK8HQC contains no devices.

Contents of circuit 1:  Circuit: 'sky130_fd_pr__cap_mim_m3_1_WRT4AW'
Circuit sky130_fd_pr__cap_mim_m3_1_WRT4AW contains 1 device instances.
  Class: sky130_fd_pr__cap_mim_m3_1 instances:   1
Circuit contains 2 nets.
Contents of circuit 2:  Circuit: 'sky130_fd_pr__cap_mim_m3_1_WRT4AW'
Circuit sky130_fd_pr__cap_mim_m3_1_WRT4AW contains 1 device instances.
  Class: sky130_fd_pr__cap_mim_m3_1 instances:   1
Circuit contains 2 nets.

Circuit 1 contains 1 devices, Circuit 2 contains 1 devices.
Circuit 1 contains 2 nets,    Circuit 2 contains 2 nets.

Circuit sky130_fd_pr__pfet_g5v0d10v5_YEUEBV contains no devices.
Circuit sky130_fd_pr__pfet_g5v0d10v5_YUHPBG contains no devices.

Contents of circuit 1:  Circuit: 'sky130_fd_sc_hvl__inv_8'
Circuit sky130_fd_sc_hvl__inv_8 contains 2 device instances.
  Class: sky130_fd_pr__nfet_g5v0d10v5 instances:   1
  Class: sky130_fd_pr__pfet_g5v0d10v5 instances:   1
Circuit contains 4 nets.
Contents of circuit 2:  Circuit: 'sky130_fd_sc_hvl__inv_8'
Circuit sky130_fd_sc_hvl__inv_8 contains 2 device instances.
  Class: sky130_fd_pr__nfet_g5v0d10v5 instances:   1
  Class: sky130_fd_pr__pfet_g5v0d10v5 instances:   1
Circuit contains 4 nets.

Circuit 1 contains 2 devices, Circuit 2 contains 2 devices.
Circuit 1 contains 4 nets,    Circuit 2 contains 4 nets.

Circuit sky130_fd_pr__nfet_03v3_nvt_J2JJF2 contains no devices.
Circuit sky130_fd_pr__nfet_03v3_nvt_EJ4KLV contains no devices.
Circuit sky130_fd_pr__nfet_03v3_nvt_VB5P9F contains no devices.

Contents of circuit 1:  Circuit: 'GSense_nFET_10VD_5Vg_1nf'
Circuit GSense_nFET_10VD_5Vg_1nf contains 1 device instances.
  Class: sky130_fd_pr__nfet_g5v0d10v5_R72FWE instances:   1
Circuit contains 6 nets.
Contents of circuit 2:  Circuit: 'GSense_nFET_10VD_5Vg_1nf'
Circuit GSense_nFET_10VD_5Vg_1nf contains 1 device instances.
  Class: sky130_fd_pr__nfet_g5v0d10v5_R72FWE instances:   1
Circuit contains 6 nets.

Circuit 1 contains 1 devices, Circuit 2 contains 1 devices.
Circuit 1 contains 6 nets,    Circuit 2 contains 6 nets.

  Flattening non-matched subcircuits GSense_nFET_10VD_5Vg_1nf GSense_nFET_10VD_5Vg_1nf

Flattening instances of GSense_nFET_10VD_5Vg_1nf in file /home/edw3/Specere_ThermVeh/lvs/user_project_wrapper/lvs_results/2024-06-03-15-28-55/tmp/ext/user_project_wrapper.gds.nowell.spice
Flattening instances of GSense_nFET_10VD_5Vg_1nf in file /home/edw3/Specere_ThermVeh/lvs/user_project_wrapper/lvs_results/2024-06-03-15-28-55/tmp/nowell.ext/user_project_wrapper.gds.nowell.spice

Contents of circuit 1:  Circuit: 'GSense_nFET_1f1WL150n_V1'
Circuit GSense_nFET_1f1WL150n_V1 contains 1 device instances.
  Class: sky130_fd_pr__nfet_01v8_J36GRF instances:   1
Circuit contains 6 nets.
Contents of circuit 2:  Circuit: 'GSense_nFET_1f1WL150n_V1'
Circuit GSense_nFET_1f1WL150n_V1 contains 1 device instances.
  Class: sky130_fd_pr__nfet_01v8_J36GRF instances:   1
Circuit contains 6 nets.

Circuit 1 contains 1 devices, Circuit 2 contains 1 devices.
Circuit 1 contains 6 nets,    Circuit 2 contains 6 nets.

  Flattening non-matched subcircuits GSense_nFET_1f1WL150n_V1 GSense_nFET_1f1WL150n_V1

Flattening instances of GSense_nFET_1f1WL150n_V1 in file /home/edw3/Specere_ThermVeh/lvs/user_project_wrapper/lvs_results/2024-06-03-15-28-55/tmp/ext/user_project_wrapper.gds.nowell.spice
Flattening instances of GSense_nFET_1f1WL150n_V1 in file /home/edw3/Specere_ThermVeh/lvs/user_project_wrapper/lvs_results/2024-06-03-15-28-55/tmp/nowell.ext/user_project_wrapper.gds.nowell.spice

Contents of circuit 1:  Circuit: 'GSense_nFET_3VD_3Vg_51nf_V2AllGates_VH'
Circuit GSense_nFET_3VD_3Vg_51nf_V2AllGates_VH contains 1 device instances.
  Class: VD_H                  instances:   1
Circuit contains 5 nets.
Contents of circuit 2:  Circuit: 'GSense_nFET_3VD_3Vg_51nf_V2AllGates_VH'
Circuit GSense_nFET_3VD_3Vg_51nf_V2AllGates_VH contains 51 device instances.
  Class: sky130_fd_pr__nfet_03v3_nvt instances:  51
Circuit contains 4 nets.

Circuit was modified by parallel/series device merging.
New circuit summary:

Contents of circuit 1:  Circuit: 'GSense_nFET_3VD_3Vg_51nf_V2AllGates_VH'
Circuit GSense_nFET_3VD_3Vg_51nf_V2AllGates_VH contains 1 device instances.
  Class: VD_H                  instances:   1
Circuit contains 5 nets.
Contents of circuit 2:  Circuit: 'GSense_nFET_3VD_3Vg_51nf_V2AllGates_VH'
Circuit GSense_nFET_3VD_3Vg_51nf_V2AllGates_VH contains 2 device instances.
  Class: sky130_fd_pr__nfet_03v3_nvt instances:   2
Circuit contains 4 nets.

Circuit 1 contains 1 devices, Circuit 2 contains 2 devices. *** MISMATCH ***
Circuit 1 contains 5 nets,    Circuit 2 contains 4 nets. *** MISMATCH ***

  Flattening non-matched subcircuits GSense_nFET_3VD_3Vg_51nf_V2AllGates_VH GSense_nFET_3VD_3Vg_51nf_V2AllGates_VH

Flattening instances of GSense_nFET_3VD_3Vg_51nf_V2AllGates_VH in file /home/edw3/Specere_ThermVeh/lvs/user_project_wrapper/lvs_results/2024-06-03-15-28-55/tmp/ext/user_project_wrapper.gds.nowell.spice
Flattening instances of GSense_nFET_3VD_3Vg_51nf_V2AllGates_VH in file /home/edw3/Specere_ThermVeh/lvs/user_project_wrapper/lvs_results/2024-06-03-15-28-55/tmp/nowell.ext/user_project_wrapper.gds.nowell.spice

Contents of circuit 1:  Circuit: 'GSense_nFET_3VD_3Vg_51nf_V2AllGates_Therm_Midline'
Circuit GSense_nFET_3VD_3Vg_51nf_V2AllGates_Therm_Midline contains 1 device instances.
  Class: VD_H                  instances:   1
Circuit contains 5 nets.
Contents of circuit 2:  Circuit: 'GSense_nFET_3VD_3Vg_51nf_V2AllGates_Therm_Midline'
Circuit GSense_nFET_3VD_3Vg_51nf_V2AllGates_Therm_Midline contains 51 device instances.
  Class: sky130_fd_pr__nfet_03v3_nvt instances:  51
Circuit contains 4 nets.

Circuit was modified by parallel/series device merging.
New circuit summary:

Contents of circuit 1:  Circuit: 'GSense_nFET_3VD_3Vg_51nf_V2AllGates_Therm_Midline'
Circuit GSense_nFET_3VD_3Vg_51nf_V2AllGates_Therm_Midline contains 1 device instances.
  Class: VD_H                  instances:   1
Circuit contains 5 nets.
Contents of circuit 2:  Circuit: 'GSense_nFET_3VD_3Vg_51nf_V2AllGates_Therm_Midline'
Circuit GSense_nFET_3VD_3Vg_51nf_V2AllGates_Therm_Midline contains 2 device instances.
  Class: sky130_fd_pr__nfet_03v3_nvt instances:   2
Circuit contains 4 nets.

Circuit 1 contains 1 devices, Circuit 2 contains 2 devices. *** MISMATCH ***
Circuit 1 contains 5 nets,    Circuit 2 contains 4 nets. *** MISMATCH ***

  Flattening non-matched subcircuits GSense_nFET_3VD_3Vg_51nf_V2AllGates_Therm_Midline GSense_nFET_3VD_3Vg_51nf_V2AllGates_Therm_Midline

Flattening instances of GSense_nFET_3VD_3Vg_51nf_V2AllGates_Therm_Midline in file /home/edw3/Specere_ThermVeh/lvs/user_project_wrapper/lvs_results/2024-06-03-15-28-55/tmp/ext/user_project_wrapper.gds.nowell.spice
Flattening instances of GSense_nFET_3VD_3Vg_51nf_V2AllGates_Therm_Midline in file /home/edw3/Specere_ThermVeh/lvs/user_project_wrapper/lvs_results/2024-06-03-15-28-55/tmp/nowell.ext/user_project_wrapper.gds.nowell.spice

Contents of circuit 1:  Circuit: 'example_por'
Circuit example_por contains 18 device instances.
  Class: sky130_fd_pr__nfet_g5v0d10v5_TGFUGS instances:   1
  Class: m1_185_6573#          instances:   1
  Class: sky130_fd_pr__cap_mim_m3_2_W5U4AW instances:   1
  Class: sky130_fd_pr__cap_mim_m3_1_WRT4AW instances:   1
  Class: sky130_fd_pr__nfet_g5v0d10v5_PKVMTM instances:   1
  Class: m1_2756_6573#         instances:   1
  Class: sky130_fd_pr__pfet_g5v0d10v5_YEUEBV instances:   1
  Class: sky130_fd_pr__res_xhigh_po_0p69_S5N9F3 instances:   1
  Class: sky130_fd_pr__pfet_g5v0d10v5_YUHPBG instances:   1
  Class: sky130_fd_pr__pfet_g5v0d10v5_ZEUEFZ instances:   1
  Class: sky130_fd_sc_hvl__buf_8 instances:   2
  Class: sky130_fd_sc_hvl__schmittbuf_1 instances:   1
  Class: sky130_fd_sc_hvl__inv_8 instances:   1
  Class: sky130_fd_pr__nfet_g5v0d10v5_ZK8HQC instances:   1
  Class: sky130_fd_pr__pfet_g5v0d10v5_YUHPXE instances:   1
  Class: m1_2993_7658#         instances:   1
  Class: sky130_fd_pr__pfet_g5v0d10v5_3YBPVB instances:   1
Circuit contains 158 nets.
Contents of circuit 2:  Circuit: 'example_por'
Circuit example_por contains 18 device instances.
  Class: sky130_fd_pr__nfet_g5v0d10v5_TGFUGS instances:   1
  Class: sky130_fd_pr__cap_mim_m3_2_W5U4AW instances:   1
  Class: sky130_fd_pr__cap_mim_m3_1_WRT4AW instances:   1
  Class: sky130_fd_pr__nfet_g5v0d10v5_PKVMTM instances:   1
  Class: sky130_fd_pr__pfet_g5v0d10v5_YEUEBV instances:   1
  Class: sky130_fd_pr__res_xhigh_po_0p69_S5N9F3 instances:   1
  Class: sky130_fd_pr__pfet_g5v0d10v5_YUHPBG instances:   1
  Class: sky130_fd_pr__pfet_g5v0d10v5_ZEUEFZ instances:   1
  Class: sky130_fd_sc_hvl__buf_8 instances:   2
  Class: sky130_fd_sc_hvl__schmittbuf_1 instances:   1
  Class: sky130_fd_sc_hvl__inv_8 instances:   1
  Class: sky130_fd_pr__nfet_g5v0d10v5_ZK8HQC instances:   1
  Class: sky130_fd_pr__pfet_g5v0d10v5_YUHPXE instances:   1
  Class: sky130_fd_pr__pfet_g5v0d10v5_3YBPVB instances:   4
Circuit contains 167 nets.

Circuit 1 contains 18 devices, Circuit 2 contains 18 devices.
Circuit 1 contains 158 nets,    Circuit 2 contains 167 nets. *** MISMATCH ***

  Flattening non-matched subcircuits example_por example_por

Flattening instances of example_por in file /home/edw3/Specere_ThermVeh/lvs/user_project_wrapper/lvs_results/2024-06-03-15-28-55/tmp/ext/user_project_wrapper.gds.nowell.spice
Flattening instances of example_por in file /home/edw3/Specere_ThermVeh/lvs/user_project_wrapper/lvs_results/2024-06-03-15-28-55/tmp/nowell.ext/user_project_wrapper.gds.nowell.spice

Contents of circuit 1:  Circuit: 'GSense_nFET_3VD_3Vg_10nf_V2'
Circuit GSense_nFET_3VD_3Vg_10nf_V2 contains 1 device instances.
  Class: sky130_fd_pr__nfet_03v3_nvt_J2JJF2 instances:   1
Circuit contains 35 nets.
Contents of circuit 2:  Circuit: 'GSense_nFET_3VD_3Vg_10nf_V2'
Circuit GSense_nFET_3VD_3Vg_10nf_V2 contains 1 device instances.
  Class: sky130_fd_pr__nfet_03v3_nvt_J2JJF2 instances:   1
Circuit contains 34 nets.

Circuit 1 contains 1 devices, Circuit 2 contains 1 devices.
Circuit 1 contains 35 nets,    Circuit 2 contains 34 nets. *** MISMATCH ***

  Flattening non-matched subcircuits GSense_nFET_3VD_3Vg_10nf_V2 GSense_nFET_3VD_3Vg_10nf_V2

Flattening instances of GSense_nFET_3VD_3Vg_10nf_V2 in file /home/edw3/Specere_ThermVeh/lvs/user_project_wrapper/lvs_results/2024-06-03-15-28-55/tmp/ext/user_project_wrapper.gds.nowell.spice
Flattening instances of GSense_nFET_3VD_3Vg_10nf_V2 in file /home/edw3/Specere_ThermVeh/lvs/user_project_wrapper/lvs_results/2024-06-03-15-28-55/tmp/nowell.ext/user_project_wrapper.gds.nowell.spice

Contents of circuit 1:  Circuit: 'GSense_nFET_3VD_3Vg_1nf'
Circuit GSense_nFET_3VD_3Vg_1nf contains 1 device instances.
  Class: sky130_fd_pr__nfet_03v3_nvt_EJ4KLV instances:   1
Circuit contains 6 nets.
Contents of circuit 2:  Circuit: 'GSense_nFET_3VD_3Vg_1nf'
Circuit GSense_nFET_3VD_3Vg_1nf contains 1 device instances.
  Class: sky130_fd_pr__nfet_03v3_nvt_EJ4KLV instances:   1
Circuit contains 6 nets.

Circuit 1 contains 1 devices, Circuit 2 contains 1 devices.
Circuit 1 contains 6 nets,    Circuit 2 contains 6 nets.

  Flattening non-matched subcircuits GSense_nFET_3VD_3Vg_1nf GSense_nFET_3VD_3Vg_1nf

Flattening instances of GSense_nFET_3VD_3Vg_1nf in file /home/edw3/Specere_ThermVeh/lvs/user_project_wrapper/lvs_results/2024-06-03-15-28-55/tmp/ext/user_project_wrapper.gds.nowell.spice
Flattening instances of GSense_nFET_3VD_3Vg_1nf in file /home/edw3/Specere_ThermVeh/lvs/user_project_wrapper/lvs_results/2024-06-03-15-28-55/tmp/nowell.ext/user_project_wrapper.gds.nowell.spice

Contents of circuit 1:  Circuit: 'GSense_nFET_3VD_3Vg_5nf_V2'
Circuit GSense_nFET_3VD_3Vg_5nf_V2 contains 1 device instances.
  Class: sky130_fd_pr__nfet_03v3_nvt_VB5P9F instances:   1
Circuit contains 19 nets.
Contents of circuit 2:  Circuit: 'GSense_nFET_3VD_3Vg_5nf_V2'
Circuit GSense_nFET_3VD_3Vg_5nf_V2 contains 1 device instances.
  Class: sky130_fd_pr__nfet_03v3_nvt_VB5P9F instances:   1
Circuit contains 19 nets.

Circuit 1 contains 1 devices, Circuit 2 contains 1 devices.
Circuit 1 contains 19 nets,    Circuit 2 contains 19 nets.

  Flattening non-matched subcircuits GSense_nFET_3VD_3Vg_5nf_V2 GSense_nFET_3VD_3Vg_5nf_V2

Flattening instances of GSense_nFET_3VD_3Vg_5nf_V2 in file /home/edw3/Specere_ThermVeh/lvs/user_project_wrapper/lvs_results/2024-06-03-15-28-55/tmp/ext/user_project_wrapper.gds.nowell.spice
Flattening instances of GSense_nFET_3VD_3Vg_5nf_V2 in file /home/edw3/Specere_ThermVeh/lvs/user_project_wrapper/lvs_results/2024-06-03-15-28-55/tmp/nowell.ext/user_project_wrapper.gds.nowell.spice

Contents of circuit 1:  Circuit: 'GSense_Contacts_nFT_g5_10Vd_1nf'
Circuit GSense_Contacts_nFT_g5_10Vd_1nf contains 1 device instances.
  Class: sky130_fd_pr__nfet_g5v0d10v5_R72FWE instances:   1
Circuit contains 9 nets.
Contents of circuit 2:  Circuit: 'GSense_Contacts_nFT_g5_10Vd_1nf'
Circuit GSense_Contacts_nFT_g5_10Vd_1nf contains 1 device instances.
  Class: sky130_fd_pr__nfet_g5v0d10v5_R72FWE instances:   1
Circuit contains 9 nets.

Circuit 1 contains 1 devices, Circuit 2 contains 1 devices.
Circuit 1 contains 6 nets,    Circuit 2 contains 6 nets.

  Flattening non-matched subcircuits GSense_Contacts_nFT_g5_10Vd_1nf GSense_Contacts_nFT_g5_10Vd_1nf

Flattening instances of GSense_Contacts_nFT_g5_10Vd_1nf in file /home/edw3/Specere_ThermVeh/lvs/user_project_wrapper/lvs_results/2024-06-03-15-28-55/tmp/ext/user_project_wrapper.gds.nowell.spice
Flattening instances of GSense_Contacts_nFT_g5_10Vd_1nf in file /home/edw3/Specere_ThermVeh/lvs/user_project_wrapper/lvs_results/2024-06-03-15-28-55/tmp/nowell.ext/user_project_wrapper.gds.nowell.spice

Contents of circuit 1:  Circuit: 'GSense_nFET_1W015L_1F_Contacts'
Circuit GSense_nFET_1W015L_1F_Contacts contains 1 device instances.
  Class: sky130_fd_pr__nfet_01v8_J36GRF instances:   1
Circuit contains 9 nets.
Contents of circuit 2:  Circuit: 'GSense_nFET_1W015L_1F_Contacts'
Circuit GSense_nFET_1W015L_1F_Contacts contains 1 device instances.
  Class: sky130_fd_pr__nfet_01v8_J36GRF instances:   1
Circuit contains 9 nets.

Circuit 1 contains 1 devices, Circuit 2 contains 1 devices.
Circuit 1 contains 6 nets,    Circuit 2 contains 6 nets.

  Flattening non-matched subcircuits GSense_nFET_1W015L_1F_Contacts GSense_nFET_1W015L_1F_Contacts

Flattening instances of GSense_nFET_1W015L_1F_Contacts in file /home/edw3/Specere_ThermVeh/lvs/user_project_wrapper/lvs_results/2024-06-03-15-28-55/tmp/ext/user_project_wrapper.gds.nowell.spice
Flattening instances of GSense_nFET_1W015L_1F_Contacts in file /home/edw3/Specere_ThermVeh/lvs/user_project_wrapper/lvs_results/2024-06-03-15-28-55/tmp/nowell.ext/user_project_wrapper.gds.nowell.spice

Contents of circuit 1:  Circuit: 'nFET_3p3Vd_3VG_51NF_LTherm_Contacts'
Circuit nFET_3p3Vd_3VG_51NF_LTherm_Contacts contains 1 device instances.
  Class: VD_H                  instances:   1
Circuit contains 5 nets.
Contents of circuit 2:  Circuit: 'nFET_3p3Vd_3VG_51NF_LTherm_Contacts'
Circuit nFET_3p3Vd_3VG_51NF_LTherm_Contacts contains 2 device instances.
  Class: sky130_fd_pr__nfet_03v3_nvt instances:   2
Circuit contains 4 nets.

Circuit 1 contains 1 devices, Circuit 2 contains 2 devices. *** MISMATCH ***
Circuit 1 contains 5 nets,    Circuit 2 contains 4 nets. *** MISMATCH ***

  Flattening non-matched subcircuits nFET_3p3Vd_3VG_51NF_LTherm_Contacts nFET_3p3Vd_3VG_51NF_LTherm_Contacts

Flattening instances of nFET_3p3Vd_3VG_51NF_LTherm_Contacts in file /home/edw3/Specere_ThermVeh/lvs/user_project_wrapper/lvs_results/2024-06-03-15-28-55/tmp/ext/user_project_wrapper.gds.nowell.spice
Flattening instances of nFET_3p3Vd_3VG_51NF_LTherm_Contacts in file /home/edw3/Specere_ThermVeh/lvs/user_project_wrapper/lvs_results/2024-06-03-15-28-55/tmp/nowell.ext/user_project_wrapper.gds.nowell.spice

Contents of circuit 1:  Circuit: 'nFET_3VD_3VG_50NF_MiDLine_Therm_Contacts'
Circuit nFET_3VD_3VG_50NF_MiDLine_Therm_Contacts contains 1 device instances.
  Class: VD_H                  instances:   1
Circuit contains 5 nets.
Contents of circuit 2:  Circuit: 'nFET_3VD_3VG_50NF_MiDLine_Therm_Contacts'
Circuit nFET_3VD_3VG_50NF_MiDLine_Therm_Contacts contains 2 device instances.
  Class: sky130_fd_pr__nfet_03v3_nvt instances:   2
Circuit contains 4 nets.

Circuit 1 contains 1 devices, Circuit 2 contains 2 devices. *** MISMATCH ***
Circuit 1 contains 5 nets,    Circuit 2 contains 4 nets. *** MISMATCH ***

  Flattening non-matched subcircuits nFET_3VD_3VG_50NF_MiDLine_Therm_Contacts nFET_3VD_3VG_50NF_MiDLine_Therm_Contacts

Flattening instances of nFET_3VD_3VG_50NF_MiDLine_Therm_Contacts in file /home/edw3/Specere_ThermVeh/lvs/user_project_wrapper/lvs_results/2024-06-03-15-28-55/tmp/ext/user_project_wrapper.gds.nowell.spice
Flattening instances of nFET_3VD_3VG_50NF_MiDLine_Therm_Contacts in file /home/edw3/Specere_ThermVeh/lvs/user_project_wrapper/lvs_results/2024-06-03-15-28-55/tmp/nowell.ext/user_project_wrapper.gds.nowell.spice

Contents of circuit 1:  Circuit: 'user_analog_proj_example'
Circuit user_analog_proj_example contains 36 device instances.
  Class: sky130_fd_pr__nfet_g5v0d10v5_TGFUGS instances:   2
  Class: m1_185_6573#          instances:   2
  Class: sky130_fd_pr__cap_mim_m3_2_W5U4AW instances:   2
  Class: sky130_fd_pr__cap_mim_m3_1_WRT4AW instances:   2
  Class: sky130_fd_pr__nfet_g5v0d10v5_PKVMTM instances:   2
  Class: m1_2756_6573#         instances:   2
  Class: sky130_fd_pr__pfet_g5v0d10v5_YEUEBV instances:   2
  Class: sky130_fd_pr__res_xhigh_po_0p69_S5N9F3 instances:   2
  Class: sky130_fd_pr__pfet_g5v0d10v5_YUHPBG instances:   2
  Class: sky130_fd_pr__pfet_g5v0d10v5_ZEUEFZ instances:   2
  Class: sky130_fd_sc_hvl__buf_8 instances:   4
  Class: sky130_fd_sc_hvl__schmittbuf_1 instances:   2
  Class: sky130_fd_sc_hvl__inv_8 instances:   2
  Class: sky130_fd_pr__nfet_g5v0d10v5_ZK8HQC instances:   2
  Class: sky130_fd_pr__pfet_g5v0d10v5_YUHPXE instances:   2
  Class: m1_2993_7658#         instances:   2
  Class: sky130_fd_pr__pfet_g5v0d10v5_3YBPVB instances:   2
Circuit contains 315 nets.
Contents of circuit 2:  Circuit: 'user_analog_proj_example'
Circuit user_analog_proj_example contains 36 device instances.
  Class: sky130_fd_pr__nfet_g5v0d10v5_TGFUGS instances:   2
  Class: sky130_fd_pr__cap_mim_m3_2_W5U4AW instances:   2
  Class: sky130_fd_pr__cap_mim_m3_1_WRT4AW instances:   2
  Class: sky130_fd_pr__nfet_g5v0d10v5_PKVMTM instances:   2
  Class: sky130_fd_pr__pfet_g5v0d10v5_YEUEBV instances:   2
  Class: sky130_fd_pr__res_xhigh_po_0p69_S5N9F3 instances:   2
  Class: sky130_fd_pr__pfet_g5v0d10v5_YUHPBG instances:   2
  Class: sky130_fd_pr__pfet_g5v0d10v5_ZEUEFZ instances:   2
  Class: sky130_fd_sc_hvl__buf_8 instances:   4
  Class: sky130_fd_sc_hvl__schmittbuf_1 instances:   2
  Class: sky130_fd_sc_hvl__inv_8 instances:   2
  Class: sky130_fd_pr__nfet_g5v0d10v5_ZK8HQC instances:   2
  Class: sky130_fd_pr__pfet_g5v0d10v5_YUHPXE instances:   2
  Class: sky130_fd_pr__pfet_g5v0d10v5_3YBPVB instances:   8
Circuit contains 334 nets.

Circuit 1 contains 36 devices, Circuit 2 contains 36 devices.
Circuit 1 contains 315 nets,    Circuit 2 contains 334 nets. *** MISMATCH ***

  Flattening non-matched subcircuits user_analog_proj_example user_analog_proj_example

Flattening instances of user_analog_proj_example in file /home/edw3/Specere_ThermVeh/lvs/user_project_wrapper/lvs_results/2024-06-03-15-28-55/tmp/ext/user_project_wrapper.gds.nowell.spice
Flattening instances of user_analog_proj_example in file /home/edw3/Specere_ThermVeh/lvs/user_project_wrapper/lvs_results/2024-06-03-15-28-55/tmp/nowell.ext/user_project_wrapper.gds.nowell.spice

Contents of circuit 1:  Circuit: 'nFET_3VD_3VG_10nF_Contacts'
Circuit nFET_3VD_3VG_10nF_Contacts contains 1 device instances.
  Class: sky130_fd_pr__nfet_03v3_nvt_J2JJF2 instances:   1
Circuit contains 35 nets.
Contents of circuit 2:  Circuit: 'nFET_3VD_3VG_10nF_Contacts'
Circuit nFET_3VD_3VG_10nF_Contacts contains 1 device instances.
  Class: sky130_fd_pr__nfet_03v3_nvt_J2JJF2 instances:   1
Circuit contains 34 nets.

Circuit 1 contains 1 devices, Circuit 2 contains 1 devices.
Circuit 1 contains 35 nets,    Circuit 2 contains 34 nets. *** MISMATCH ***

  Flattening non-matched subcircuits nFET_3VD_3VG_10nF_Contacts nFET_3VD_3VG_10nF_Contacts

Flattening instances of nFET_3VD_3VG_10nF_Contacts in file /home/edw3/Specere_ThermVeh/lvs/user_project_wrapper/lvs_results/2024-06-03-15-28-55/tmp/ext/user_project_wrapper.gds.nowell.spice
Flattening instances of nFET_3VD_3VG_10nF_Contacts in file /home/edw3/Specere_ThermVeh/lvs/user_project_wrapper/lvs_results/2024-06-03-15-28-55/tmp/nowell.ext/user_project_wrapper.gds.nowell.spice

Contents of circuit 1:  Circuit: 'GSense_Contacts_nFET_3V_1nf'
Circuit GSense_Contacts_nFET_3V_1nf contains 1 device instances.
  Class: sky130_fd_pr__nfet_03v3_nvt_EJ4KLV instances:   1
Circuit contains 9 nets.
Contents of circuit 2:  Circuit: 'GSense_Contacts_nFET_3V_1nf'
Circuit GSense_Contacts_nFET_3V_1nf contains 1 device instances.
  Class: sky130_fd_pr__nfet_03v3_nvt_EJ4KLV instances:   1
Circuit contains 9 nets.

Circuit 1 contains 1 devices, Circuit 2 contains 1 devices.
Circuit 1 contains 6 nets,    Circuit 2 contains 6 nets.

  Flattening non-matched subcircuits GSense_Contacts_nFET_3V_1nf GSense_Contacts_nFET_3V_1nf

Flattening instances of GSense_Contacts_nFET_3V_1nf in file /home/edw3/Specere_ThermVeh/lvs/user_project_wrapper/lvs_results/2024-06-03-15-28-55/tmp/ext/user_project_wrapper.gds.nowell.spice
Flattening instances of GSense_Contacts_nFET_3V_1nf in file /home/edw3/Specere_ThermVeh/lvs/user_project_wrapper/lvs_results/2024-06-03-15-28-55/tmp/nowell.ext/user_project_wrapper.gds.nowell.spice

Contents of circuit 1:  Circuit: 'nFET_3VD_3VG_50nF_Therm_FET12'
Circuit nFET_3VD_3VG_50nF_Therm_FET12 contains 1 device instances.
  Class: VD_H                  instances:   1
Circuit contains 5 nets.
Contents of circuit 2:  Circuit: 'nFET_3VD_3VG_50nF_Therm_FET12'
Circuit nFET_3VD_3VG_50nF_Therm_FET12 contains 2 device instances.
  Class: sky130_fd_pr__nfet_03v3_nvt instances:   2
Circuit contains 4 nets.

Circuit 1 contains 1 devices, Circuit 2 contains 2 devices. *** MISMATCH ***
Circuit 1 contains 5 nets,    Circuit 2 contains 4 nets. *** MISMATCH ***

  Flattening non-matched subcircuits nFET_3VD_3VG_50nF_Therm_FET12 nFET_3VD_3VG_50nF_Therm_FET12

Flattening instances of nFET_3VD_3VG_50nF_Therm_FET12 in file /home/edw3/Specere_ThermVeh/lvs/user_project_wrapper/lvs_results/2024-06-03-15-28-55/tmp/ext/user_project_wrapper.gds.nowell.spice
Flattening instances of nFET_3VD_3VG_50nF_Therm_FET12 in file /home/edw3/Specere_ThermVeh/lvs/user_project_wrapper/lvs_results/2024-06-03-15-28-55/tmp/nowell.ext/user_project_wrapper.gds.nowell.spice

Contents of circuit 1:  Circuit: 'GSense_nFET_3p3V_5nF_Contacts_V2'
Circuit GSense_nFET_3p3V_5nF_Contacts_V2 contains 1 device instances.
  Class: sky130_fd_pr__nfet_03v3_nvt_VB5P9F instances:   1
Circuit contains 19 nets.
Contents of circuit 2:  Circuit: 'GSense_nFET_3p3V_5nF_Contacts_V2'
Circuit GSense_nFET_3p3V_5nF_Contacts_V2 contains 1 device instances.
  Class: sky130_fd_pr__nfet_03v3_nvt_VB5P9F instances:   1
Circuit contains 19 nets.

Circuit 1 contains 1 devices, Circuit 2 contains 1 devices.
Circuit 1 contains 19 nets,    Circuit 2 contains 19 nets.

  Flattening non-matched subcircuits GSense_nFET_3p3V_5nF_Contacts_V2 GSense_nFET_3p3V_5nF_Contacts_V2

Flattening instances of GSense_nFET_3p3V_5nF_Contacts_V2 in file /home/edw3/Specere_ThermVeh/lvs/user_project_wrapper/lvs_results/2024-06-03-15-28-55/tmp/ext/user_project_wrapper.gds.nowell.spice
Flattening instances of GSense_nFET_3p3V_5nF_Contacts_V2 in file /home/edw3/Specere_ThermVeh/lvs/user_project_wrapper/lvs_results/2024-06-03-15-28-55/tmp/nowell.ext/user_project_wrapper.gds.nowell.spice

Contents of circuit 1:  Circuit: 'user_project_wrapper'
Circuit user_project_wrapper contains 77 device instances.
  Class: sky130_fd_pr__nfet_g5v0d10v5_TGFUGS instances:   2
  Class: m1_185_6573#          instances:   2
  Class: sky130_fd_pr__cap_mim_m3_2_W5U4AW instances:   2
  Class: sky130_fd_pr__cap_mim_m3_1_WRT4AW instances:   2
  Class: VD_H                  instances:  11
  Class: sky130_fd_pr__nfet_03v3_nvt_J2JJF2 instances:   4
  Class: sky130_fd_pr__nfet_01v8_J36GRF instances:   6
  Class: sky130_fd_pr__nfet_g5v0d10v5_PKVMTM instances:   2
  Class: m1_2756_6573#         instances:   2
  Class: sky130_fd_pr__nfet_03v3_nvt_VB5P9F instances:   3
  Class: sky130_fd_pr__pfet_g5v0d10v5_YEUEBV instances:   2
  Class: sky130_fd_pr__res_xhigh_po_0p69_S5N9F3 instances:   2
  Class: sky130_fd_pr__pfet_g5v0d10v5_YUHPBG instances:   2
  Class: sky130_fd_pr__pfet_g5v0d10v5_ZEUEFZ instances:   2
  Class: sky130_fd_sc_hvl__buf_8 instances:   4
  Class: sky130_fd_sc_hvl__schmittbuf_1 instances:   2
  Class: sky130_fd_pr__nfet_03v3_nvt_EJ4KLV instances:   4
  Class: sky130_fd_sc_hvl__inv_8 instances:   2
  Class: sky130_fd_pr__nfet_g5v0d10v5_ZK8HQC instances:   2
  Class: sky130_fd_pr__pfet_g5v0d10v5_YUHPXE instances:   2
  Class: m1_2993_7658#         instances:   2
  Class: sky130_fd_pr__res_generic_m3 instances:  10
  Class: sky130_fd_pr__nfet_g5v0d10v5_R72FWE instances:   3
  Class: sky130_fd_pr__pfet_g5v0d10v5_3YBPVB instances:   2
Circuit contains 675 nets.
Contents of circuit 2:  Circuit: 'user_project_wrapper'
Circuit user_project_wrapper contains 52 device instances.
  Class: sky130_fd_pr__nfet_g5v0d10v5_TGFUGS instances:   2
  Class: sky130_fd_pr__cap_mim_m3_2_W5U4AW instances:   2
  Class: sky130_fd_pr__cap_mim_m3_1_WRT4AW instances:   2
  Class: sky130_fd_pr__nfet_01v8_J36GRF instances:   6
  Class: sky130_fd_pr__nfet_g5v0d10v5_PKVMTM instances:   2
  Class: sky130_fd_pr__pfet_g5v0d10v5_YEUEBV instances:   2
  Class: sky130_fd_pr__res_xhigh_po_0p69_S5N9F3 instances:   2
  Class: sky130_fd_pr__pfet_g5v0d10v5_YUHPBG instances:   2
  Class: sky130_fd_pr__pfet_g5v0d10v5_ZEUEFZ instances:   2
  Class: sky130_fd_sc_hvl__buf_8 instances:   4
  Class: sky130_fd_sc_hvl__schmittbuf_1 instances:   2
  Class: sky130_fd_sc_hvl__inv_8 instances:   2
  Class: sky130_fd_pr__nfet_g5v0d10v5_ZK8HQC instances:   2
  Class: sky130_fd_pr__pfet_g5v0d10v5_YUHPXE instances:   2
  Class: sky130_fd_pr__res_generic_m3 instances:  10
  Class: sky130_fd_pr__pfet_g5v0d10v5_3YBPVB instances:   8
Circuit contains 403 nets.

Circuit 1 contains 77 devices, Circuit 2 contains 52 devices. *** MISMATCH ***
Circuit 1 contains 630 nets,    Circuit 2 contains 379 nets. *** MISMATCH ***


Final result: 
Netlists do not match.
Logging to file "/home/edw3/Specere_ThermVeh/lvs/user_project_wrapper/lvs_results/2024-06-03-15-28-55/tmp/soft.report" disabled
LVS Done.
END: Mon 03 Jun 2024 03:29:08 PM UTC
Runtime: 0:00:00 (hh:mm:ss)
